ReadyTOGOApp/build/outputs/logs/manifest-merger-debug-report.txt
-- Merging decision tree log ---
manifest
ADDED from Androidapp\ReadyTOGOApp\AndroidManifest.xml:2:1-35:12
	package
		ADDED from Androidapp\ReadyTOGOApp\AndroidManifest.xml:3:7-28
	android:versionName
		ADDED from Androidapp\ReadyTOGOApp\AndroidManifest.xml:5:7-32
		INJECTED from Androidapp\ReadyTOGOApp\AndroidManifest.xml
		INJECTED from Androidapp\ReadyTOGOApp\AndroidManifest.xml
	android:versionCode
		ADDED from Androidapp\ReadyTOGOApp\AndroidManifest.xml:4:7-30
		INJECTED from Androidapp\ReadyTOGOApp\AndroidManifest.xml
		INJECTED from Androidapp\ReadyTOGOApp\AndroidManifest.xml
	xmlns:android
		ADDED from Androidapp\ReadyTOGOApp\AndroidManifest.xml:2:11-69
uses-permission#android.permission.INTERNET
ADDED from Androidapp\ReadyTOGOApp\AndroidManifest.xml:6:8-70
	android:name
		ADDED from Androidapp\ReadyTOGOApp\AndroidManifest.xml:6:25-67
uses-permission#android.permission.READ_PHONE_STATE
ADDED from Androidapp\ReadyTOGOApp\AndroidManifest.xml:7:8-78
	android:name
		ADDED from Androidapp\ReadyTOGOApp\AndroidManifest.xml:7:25-75
application
ADDED from Androidapp\ReadyTOGOApp\AndroidManifest.xml:9:5-32:19
	android:label
		ADDED from Androidapp\ReadyTOGOApp\AndroidManifest.xml:9:48-80
	android:debuggable
		ADDED from Androidapp\ReadyTOGOApp\AndroidManifest.xml:9:81-106
	android:icon
		ADDED from Androidapp\ReadyTOGOApp\AndroidManifest.xml:9:18-47
activity#com.project.First
ADDED from Androidapp\ReadyTOGOApp\AndroidManifest.xml:10:9-16:20
	android:label
		ADDED from Androidapp\ReadyTOGOApp\AndroidManifest.xml:11:19-51
	android:name
		ADDED from Androidapp\ReadyTOGOApp\AndroidManifest.xml:10:19-40
intent-filter#android.intent.action.MAIN+android.intent.category.LAUNCHER
ADDED from Androidapp\ReadyTOGOApp\AndroidManifest.xml:12:13-15:29
action#android.intent.action.MAIN
ADDED from Androidapp\ReadyTOGOApp\AndroidManifest.xml:13:17-69
	android:name
		ADDED from Androidapp\ReadyTOGOApp\AndroidManifest.xml:13:25-66
category#android.intent.category.LAUNCHER
ADDED from Androidapp\ReadyTOGOApp\AndroidManifest.xml:14:17-77
	android:name
		ADDED from Androidapp\ReadyTOGOApp\AndroidManifest.xml:14:27-74
activity#com.project.Menu
ADDED from Androidapp\ReadyTOGOApp\AndroidManifest.xml:17:9-52
	android:name
		ADDED from Androidapp\ReadyTOGOApp\AndroidManifest.xml:17:19-39
activity#com.project.main
ADDED from Androidapp\ReadyTOGOApp\AndroidManifest.xml:18:9-52
	android:name
		ADDED from Androidapp\ReadyTOGOApp\AndroidManifest.xml:18:19-39
activity#com.project.Help
ADDED from Androidapp\ReadyTOGOApp\AndroidManifest.xml:19:9-52
	android:name
		ADDED from Androidapp\ReadyTOGOApp\AndroidManifest.xml:19:19-39
activity#com.project.ViewOrder
ADDED from Androidapp\ReadyTOGOApp\AndroidManifest.xml:20:9-57
	android:name
		ADDED from Androidapp\ReadyTOGOApp\AndroidManifest.xml:20:19-44
activity#com.project.Appetizers
ADDED from Androidapp\ReadyTOGOApp\AndroidManifest.xml:21:10-59
	android:name
		ADDED from Androidapp\ReadyTOGOApp\AndroidManifest.xml:21:20-46
activity#com.project.test
ADDED from Androidapp\ReadyTOGOApp\AndroidManifest.xml:22:10-53
	android:name
		ADDED from Androidapp\ReadyTOGOApp\AndroidManifest.xml:22:20-40
activity#com.project.Beverages
ADDED from Androidapp\ReadyTOGOApp\AndroidManifest.xml:24:11-59
	android:name
		ADDED from Androidapp\ReadyTOGOApp\AndroidManifest.xml:24:21-46
activity#com.project.Soups
ADDED from Androidapp\ReadyTOGOApp\AndroidManifest.xml:25:12-56
	android:name
		ADDED from Androidapp\ReadyTOGOApp\AndroidManifest.xml:25:22-43
activity#com.project.MainCourse
ADDED from Androidapp\ReadyTOGOApp\AndroidManifest.xml:26:13-62
	android:name
		ADDED from Androidapp\ReadyTOGOApp\AndroidManifest.xml:26:23-49
activity#com.project.Salad
ADDED from Androidapp\ReadyTOGOApp\AndroidManifest.xml:27:14-58
	android:name
		ADDED from Androidapp\ReadyTOGOApp\AndroidManifest.xml:27:24-45
activity#com.project.Dessert
ADDED from Androidapp\ReadyTOGOApp\AndroidManifest.xml:28:14-60
	android:name
		ADDED from Androidapp\ReadyTOGOApp\AndroidManifest.xml:28:24-47
activity#com.project.FoodDetails
ADDED from Androidapp\ReadyTOGOApp\AndroidManifest.xml:29:13-63
	android:name
		ADDED from Androidapp\ReadyTOGOApp\AndroidManifest.xml:29:23-50
activity#com.project.FinalOrder
ADDED from Androidapp\ReadyTOGOApp\AndroidManifest.xml:30:13-62
	android:name
		ADDED from Androidapp\ReadyTOGOApp\AndroidManifest.xml:30:23-49
uses-sdk
ADDED from Androidapp\ReadyTOGOApp\AndroidManifest.xml:33:5-42
	android:minSdkVersion
		ADDED from Androidapp\ReadyTOGOApp\AndroidManifest.xml:33:15-40